[LOG] System::create                           : Header version = 2.02.20. Current version = 2.02.20.
[LOG] Manager::init                            : maxchannels = 256 studioflags = 00000006 flags 00000000 extradriverdata 0000000000000000.
[LOG] SystemI::init                            : Initialize version=20220 (139317), maxchannels=256, flags=0x00020000
[LOG] SystemI::setOutputInternal               : Setting output to 'FMOD WASAPI Output'
[LOG] OutputWASAPI::init                       : Mix Format (WAVEFORMATEX): wFormatTag=0xFFFE, nChannels=2, nSamplesPerSec=192000, nAvgBytesPerSec=1536000, nBlockAlign=8, wBitsPerSample=32, cbSize=22.
[LOG] OutputWASAPI::init                       : Mix Format (WAVEFORMATEXTENSIBLE): wValidBitsPerSample=32, dwChannelMask=0x00000003, SubFormat=00000003-0000-0010-8000-00AA00389B71.
[LOG] OutputWASAPI::init                       : Output buffer size: 16384 samples, latency: 0.00ms, period: 10.00ms, DSP buffer: 1024 * 4
[LOG] SystemI::init                            : Output requires a sample rate of 192000Hz, resampling will occur.
[LOG] Thread::initThread                       : Init FMOD stream thread. Affinity: 0x4000000000000003, Priority: 0xFFFF7FFB, Stack Size: 98304, Semaphore: No, Sleep Time: 10, Looping: Yes.
[LOG] Thread::initThread                       : Init FMOD mixer thread. Affinity: 0x4000000000000001, Priority: 0xFFFF7FFA, Stack Size: 81920, Semaphore: No, Sleep Time: 0, Looping: Yes.
[LOG] AsyncManager::init                       : manager 00000237AB588AB8 isAsync 0 updatePeriod 0.02
[LOG] AsyncManager::init                       : done
[LOG] PlaybackSystem::init                     : 
[LOG] Thread::initThread                       : Init FMOD Studio sample load thread. Affinity: 0x4000000000000003, Priority: 0xFFFF7FFD, Stack Size: 98304, Semaphore: No, Sleep Time: 1, Looping: No.
[LOG] PlaybackSystem::init                     : done
[LOG] Thread::initThread                       : Init FMOD Studio bank load thread. Affinity: 0x4000000000000003, Priority: 0xFFFF7FFD, Stack Size: 98304, Semaphore: No, Sleep Time: 1, Looping: No.
[LOG] Manager::init                            : done.
[LOG] Manager::readBank                        : fileversion = 142, compatVersion = 140 (oldest = 44, newest = 142)
[LOG] Manager::readBank                        : fileversion = 142, compatVersion = 140 (oldest = 44, newest = 142)
[LOG] Manager::readBank                        : fileversion = 142, compatVersion = 140 (oldest = 44, newest = 142)
[LOG] PlaybackSystem::acquireMasterBus         : Setting master channel group format to 6
[LOG] Manager::readBank                        : fileversion = 142, compatVersion = 140 (oldest = 44, newest = 142)
[LOG] SystemI::createSoundInternal             : Create name='', mode=0x02000202
[LOG] SystemI::createSoundInternal             : exinfo->cbsize             = 224
[LOG] SystemI::createSoundInternal             : exinfo->length             = 518720
[LOG] SystemI::createSoundInternal             : exinfo->fileoffset         = 32032
[LOG] SystemI::createSoundInternal             : exinfo->numsubsounds       = 1
[LOG] SystemI::createSoundInternal             : exinfo->inclusionlist      = 0000006F0B34F208
[LOG] SystemI::createSoundInternal             : exinfo->inclusionlistnum   = 1
[LOG] SystemI::createSoundInternal             : exinfo->suggestedsoundtype = 5
[LOG] SystemI::createSoundInternal             : exinfo->useropen           = 00007FF9E9503F70
[LOG] SystemI::createSoundInternal             : exinfo->userclose          = 00007FF9E9503F30
[LOG] SystemI::createSoundInternal             : exinfo->userread           = 00007FF9E9504050
[LOG] SystemI::createSoundInternal             : exinfo->userseek           = 00007FF9E9504110
[LOG] SystemI::createSoundInternal             : exinfo->fileuserdata       = 00000236A2915258
[LOG] SystemI::createSoundInternal             : exinfo->initialseekpostype = 1
[LOG] SystemI::DSPCodecPoolRegister            : register codec pool for pool type 5
[LOG] SystemI::createSoundInternal             : Sample 0/1: name='Slash 2', format=5, channels=2, frequency=48000, lengthbytes=1856, lengthpcm=8683, pcmblocksize=0, loopstart=0, loopend=0, mode=0x00000000, channelmask=0x00000000, channelorder=0, peakvolume=0.032374.
[LOG] SystemI::createSoundInternal             : Create name='', mode=0x02000202
[LOG] SystemI::createSoundInternal             : exinfo->cbsize             = 224
[LOG] SystemI::createSoundInternal             : exinfo->length             = 518720
[LOG] SystemI::createSoundInternal             : exinfo->fileoffset         = 32032
[LOG] SystemI::createSoundInternal             : exinfo->numsubsounds       = 1
[LOG] SystemI::createSoundInternal             : exinfo->inclusionlist      = 0000006F0B34F208
[LOG] SystemI::createSoundInternal             : exinfo->inclusionlistnum   = 1
[LOG] SystemI::createSoundInternal             : exinfo->suggestedsoundtype = 5
[LOG] SystemI::createSoundInternal             : exinfo->useropen           = 00007FF9E9503F70
[LOG] SystemI::createSoundInternal             : exinfo->userclose          = 00007FF9E9503F30
[LOG] SystemI::createSoundInternal             : exinfo->userread           = 00007FF9E9504050
[LOG] SystemI::createSoundInternal             : exinfo->userseek           = 00007FF9E9504110
[LOG] SystemI::createSoundInternal             : exinfo->fileuserdata       = 00000236A2915258
[LOG] SystemI::createSoundInternal             : exinfo->initialseekpostype = 1
[LOG] SystemI::DSPCodecPoolRegister            : register codec pool for pool type 5
[LOG] SystemI::createSoundInternal             : Sample 0/1: name='Slash 3', format=5, channels=2, frequency=48000, lengthbytes=3552, lengthpcm=17712, pcmblocksize=0, loopstart=0, loopend=0, mode=0x00000000, channelmask=0x00000000, channelorder=0, peakvolume=0.010225.
[LOG] SystemI::createSoundInternal             : Create name='', mode=0x02000202
[LOG] SystemI::createSoundInternal             : exinfo->cbsize             = 224
[LOG] SystemI::createSoundInternal             : exinfo->length             = 518720
[LOG] SystemI::createSoundInternal             : exinfo->fileoffset         = 32032
[LOG] SystemI::createSoundInternal             : exinfo->numsubsounds       = 1
[LOG] SystemI::createSoundInternal             : exinfo->inclusionlist      = 0000006F0B34F208
[LOG] SystemI::createSoundInternal             : exinfo->inclusionlistnum   = 1
[LOG] SystemI::createSoundInternal             : exinfo->suggestedsoundtype = 5
[LOG] SystemI::createSoundInternal             : exinfo->useropen           = 00007FF9E9503F70
[LOG] SystemI::createSoundInternal             : exinfo->userclose          = 00007FF9E9503F30
[LOG] SystemI::createSoundInternal             : exinfo->userread           = 00007FF9E9504050
[LOG] SystemI::createSoundInternal             : exinfo->userseek           = 00007FF9E9504110
[LOG] SystemI::createSoundInternal             : exinfo->fileuserdata       = 00000236A2915258
[LOG] SystemI::createSoundInternal             : exinfo->initialseekpostype = 1
[LOG] SystemI::DSPCodecPoolRegister            : register codec pool for pool type 5
[LOG] SystemI::createSoundInternal             : Sample 0/1: name='Slash 1', format=5, channels=2, frequency=48000, lengthbytes=2048, lengthpcm=9609, pcmblocksize=0, loopstart=0, loopend=0, mode=0x00000000, channelmask=0x00000000, channelorder=0, peakvolume=0.163939.
[LOG] SystemI::createSoundInternal             : Create name='', mode=0x02000202
[LOG] SystemI::createSoundInternal             : exinfo->cbsize             = 224
[LOG] SystemI::createSoundInternal             : exinfo->length             = 518720
[LOG] SystemI::createSoundInternal             : exinfo->fileoffset         = 32032
[LOG] SystemI::createSoundInternal             : exinfo->numsubsounds       = 1
[LOG] SystemI::createSoundInternal             : exinfo->inclusionlist      = 0000006F0B34F208
[LOG] SystemI::createSoundInternal             : exinfo->inclusionlistnum   = 1
[LOG] SystemI::createSoundInternal             : exinfo->suggestedsoundtype = 5
[LOG] SystemI::createSoundInternal             : exinfo->useropen           = 00007FF9E9503F70
[LOG] SystemI::createSoundInternal             : exinfo->userclose          = 00007FF9E9503F30
[LOG] SystemI::createSoundInternal             : exinfo->userread           = 00007FF9E9504050
[LOG] SystemI::createSoundInternal             : exinfo->userseek           = 00007FF9E9504110
[LOG] SystemI::createSoundInternal             : exinfo->fileuserdata       = 00000236A2915258
[LOG] SystemI::createSoundInternal             : exinfo->initialseekpostype = 1
[LOG] SystemI::DSPCodecPoolRegister            : register codec pool for pool type 5
[LOG] SystemI::createSoundInternal             : Sample 0/1: name='Slash 4', format=5, channels=2, frequency=48000, lengthbytes=2048, lengthpcm=9614, pcmblocksize=0, loopstart=0, loopend=0, mode=0x00000000, channelmask=0x00000000, channelorder=0, peakvolume=0.035669.
[LOG] SoundI::release                          :  (00000237D112C6A8)
[LOG] SoundI::release                          :     coin collect (0000023617006DB8)
[LOG] SoundI::release                          :  (00000237D112EA98)
[LOG] SoundI::release                          :     Roll (000002367CA384E8)
[LOG] SoundI::release                          :  (00000234F68FE4A8)
[LOG] SoundI::release                          :     Slash 1 (000002367CA62FC8)
[LOG] SoundI::release                          :  (00000234F68FD648)
[LOG] SoundI::release                          :     Slash 2 (0000023617006F58)
[LOG] SoundI::release                          :  (00000234F68FE338)
[LOG] SoundI::release                          :     Slash 3 (000002367CA41CB8)
[LOG] SoundI::release                          :  (00000234F68FDEE8)
[LOG] SoundI::release                          :     Slash 4 (00000234E52DC768)
[LOG] SoundI::release                          :  (00000237D112CF48)
[LOG] SoundI::release                          :     Grass Step 01 (000002367CA39388)
[LOG] SoundI::release                          :  (00000237D112D228)
[LOG] SoundI::release                          :     Grass Step 02 (000002367CA37CC8)
[LOG] SoundI::release                          :  (00000237D112E7B8)
[LOG] SoundI::release                          :     ClimbingLadder01 (000002367CA39868)
[LOG] SoundI::release                          :  (00000237D112D0B8)
[LOG] SoundI::release                          :     ClimbingLadder06 (000002367CA38348)
[LOG] SoundI::release                          :  (00000237D112FD48)
[LOG] SoundI::release                          :     ClimbingLadder03 (000002367CA396C8)
[LOG] Thread::callback                         : FMOD Studio update thread finished.
[LOG] Thread::callback                         : FMOD Studio bank load thread finished.
[LOG] Profile::disconnectAll                   : Profiler disconnecting all clients
[LOG] Thread::callback                         : FMOD Studio sample load thread finished.
[LOG] LiveUpdate::release                      : 
[LOG] LiveUpdate::reset                        : Reset connection (reason Disconnected)
[LOG] Thread::callback                         : FMOD stream thread finished.
[LOG] Thread::callback                         : FMOD mixer thread finished.
[LOG] Profile::disconnectAll                   : Profiler disconnecting all clients
[LOG] SystemI::close                           : Closed.
[LOG] Thread::callback                         : FMOD Studio bank load thread finished.
[LOG] Thread::callback                         : FMOD Studio sample load thread finished.
[LOG] LiveUpdate::release                      : 
[LOG] LiveUpdate::reset                        : Reset connection (reason Disconnected)
[LOG] Thread::callback                         : FMOD stream thread finished.
[LOG] Thread::callback                         : FMOD mixer thread finished.
[LOG] SystemI::close                           : Closed.
